2025-09-08 18:09:41.575 | INFO     | __main__:<module>:41 - Logging to file: logs\project_log.log
2025-09-08 18:09:41.576 | INFO     | __main__:main:63 - STARTING utils_logger.py
2025-09-08 18:09:41.576 | INFO     | __main__:log_example:54 - This is an example info message.
2025-09-08 18:09:41.576 | WARNING  | __main__:log_example:55 - This is an example warning message.
2025-09-08 18:09:41.576 | ERROR    | __main__:log_example:56 - This is an example error message.
2025-09-08 18:09:41.576 | INFO     | __main__:main:68 - View the log output at logs\project_log.log
2025-09-08 18:09:41.576 | INFO     | __main__:main:69 - EXITING utils_logger.py.
2025-09-08 18:37:22.128 | INFO     | utils_logger:<module>:41 - Logging to file: logs\project_log.log
2025-09-08 18:37:22.129 | INFO     | __main__:main:97 - Starting CSV fetch demonstration...
2025-09-08 18:37:22.129 | INFO     | __main__:fetch_csv_file:56 - Fetching CSV data from https://raw.githubusercontent.com/MainakRepositor/Datasets/master/World%20Happiness%20Data/2020.csv...
2025-09-08 18:37:22.655 | INFO     | __main__:write_csv_file:80 - Writing CSV data to example_data\2020_happiness.csv...
2025-09-08 18:37:22.657 | INFO     | __main__:write_csv_file:84 - SUCCESS: CSV data written to example_data\2020_happiness.csv
2025-09-08 18:37:22.657 | INFO     | __main__:fetch_csv_file:60 - SUCCESS: CSV file fetched and saved as 2020_happiness.csv
2025-09-08 18:40:44.927 | INFO     | utils_logger:<module>:41 - Logging to file: logs\project_log.log
2025-09-08 18:40:44.927 | INFO     | __main__:main:97 - Starting Excel fetch demonstration...
2025-09-08 18:40:44.927 | INFO     | __main__:fetch_excel_file:56 - Fetching Excel data from https://raw.githubusercontent.com/denisecase/datafun-03-analytics/main/hosted/Feedback.xlsx...
2025-09-08 18:40:45.581 | INFO     | __main__:write_excel_file:80 - Writing Excel data to example_data\Feedback.xlsx...
2025-09-08 18:40:45.582 | INFO     | __main__:write_excel_file:84 - SUCCESS: Excel data written to example_data\Feedback.xlsx
2025-09-08 18:40:45.583 | INFO     | __main__:fetch_excel_file:60 - SUCCESS: Excel file fetched and saved as Feedback.xlsx
2025-09-08 18:44:19.963 | INFO     | utils_logger:<module>:41 - Logging to file: logs\project_log.log
2025-09-08 18:44:19.963 | INFO     | __main__:main:98 - Starting JSON fetch demonstration...
2025-09-08 18:44:19.963 | INFO     | __main__:fetch_json_file:57 - Fetching JSON data from http://api.open-notify.org/astros.json...
2025-09-08 18:44:20.222 | INFO     | __main__:write_json_file:81 - Writing JSON data to example_data\astros.json...
2025-09-08 18:44:20.224 | INFO     | __main__:write_json_file:85 - SUCCESS: JSON data written to example_data\astros.json
2025-09-08 18:44:20.224 | INFO     | __main__:fetch_json_file:61 - SUCCESS: JSON file fetched and saved as astros.json
2025-09-08 18:44:51.773 | INFO     | utils_logger:<module>:41 - Logging to file: logs\project_log.log
2025-09-08 18:44:51.774 | INFO     | __main__:main:97 - Starting text fetch demonstration...
2025-09-08 18:44:51.774 | INFO     | __main__:fetch_txt_file:56 - Fetching text data from https://raw.githubusercontent.com/denisecase/datafun-03-analytics/main/hosted/romeo.txt...
2025-09-08 18:44:52.326 | INFO     | __main__:write_txt_file:80 - Writing data to example_data\romeo.txt...
2025-09-08 18:44:52.329 | INFO     | __main__:write_txt_file:84 - SUCCESS: Data written to example_data\romeo.txt
2025-09-08 18:44:52.329 | INFO     | __main__:fetch_txt_file:60 - SUCCESS: Text file fetched and saved as romeo.txt
2025-09-09 18:05:03.894 | INFO     | utils_logger:<module>:41 - Logging to file: logs\project_log.log
2025-09-09 18:05:03.894 | INFO     | __main__:main:97 - Starting CSV fetch demonstration...
2025-09-09 18:05:03.895 | INFO     | __main__:fetch_csv_file:56 - Fetching CSV data from https://raw.githubusercontent.com/MainakRepositor/Datasets/master/World%20Happiness%20Data/2020.csv...
2025-09-09 18:05:04.405 | INFO     | __main__:write_csv_file:80 - Writing CSV data to data\2020_happiness.csv...
2025-09-09 18:05:04.407 | INFO     | __main__:write_csv_file:84 - SUCCESS: CSV data written to data\2020_happiness.csv
2025-09-09 18:05:04.407 | INFO     | __main__:fetch_csv_file:60 - SUCCESS: CSV file fetched and saved as 2020_happiness.csv
2025-09-09 18:05:43.408 | INFO     | utils_logger:<module>:41 - Logging to file: logs\project_log.log
2025-09-09 18:05:43.408 | INFO     | __main__:main:97 - Starting Excel fetch demonstration...
2025-09-09 18:05:43.408 | INFO     | __main__:fetch_excel_file:56 - Fetching Excel data from https://raw.githubusercontent.com/denisecase/datafun-03-analytics/main/hosted/Feedback.xlsx...
2025-09-09 18:05:43.876 | INFO     | __main__:write_excel_file:80 - Writing Excel data to data\Feedback.xlsx...
2025-09-09 18:05:43.878 | INFO     | __main__:write_excel_file:84 - SUCCESS: Excel data written to data\Feedback.xlsx
2025-09-09 18:05:43.878 | INFO     | __main__:fetch_excel_file:60 - SUCCESS: Excel file fetched and saved as Feedback.xlsx
2025-09-09 18:06:12.202 | INFO     | utils_logger:<module>:41 - Logging to file: logs\project_log.log
2025-09-09 18:06:12.202 | INFO     | __main__:main:98 - Starting JSON fetch demonstration...
2025-09-09 18:06:12.202 | INFO     | __main__:fetch_json_file:57 - Fetching JSON data from http://api.open-notify.org/astros.json...
2025-09-09 18:06:13.405 | INFO     | __main__:write_json_file:81 - Writing JSON data to data\astros.json...
2025-09-09 18:06:13.407 | INFO     | __main__:write_json_file:85 - SUCCESS: JSON data written to data\astros.json
2025-09-09 18:06:13.407 | INFO     | __main__:fetch_json_file:61 - SUCCESS: JSON file fetched and saved as astros.json
2025-09-09 18:06:30.872 | INFO     | utils_logger:<module>:41 - Logging to file: logs\project_log.log
2025-09-09 18:06:30.873 | INFO     | __main__:main:97 - Starting text fetch demonstration...
2025-09-09 18:06:30.873 | INFO     | __main__:fetch_txt_file:56 - Fetching text data from https://raw.githubusercontent.com/denisecase/datafun-03-analytics/main/hosted/romeo.txt...
2025-09-09 18:06:31.366 | INFO     | __main__:write_txt_file:80 - Writing data to data\romeo.txt...
2025-09-09 18:06:31.369 | INFO     | __main__:write_txt_file:84 - SUCCESS: Data written to data\romeo.txt
2025-09-09 18:06:31.369 | INFO     | __main__:fetch_txt_file:60 - SUCCESS: Text file fetched and saved as romeo.txt
2025-09-10 19:08:11.461 | INFO     | utils_logger:<module>:41 - Logging to file: logs\project_log.log
2025-09-10 19:08:11.461 | INFO     | __main__:main:97 - Starting CSV fetch demonstration...
2025-09-10 19:08:11.461 | INFO     | __main__:fetch_csv_file:56 - Fetching CSV data from https://github.com/MainakRepositor/Datasets/blob/master/earthquakes.csv...
2025-09-10 19:08:12.374 | INFO     | __main__:write_csv_file:80 - Writing CSV data to data\Earthquakes.csv...
2025-09-10 19:08:12.378 | INFO     | __main__:write_csv_file:84 - SUCCESS: CSV data written to data\Earthquakes.csv
2025-09-10 19:08:12.379 | INFO     | __main__:fetch_csv_file:60 - SUCCESS: CSV file fetched and saved as Earthquakes.csv
2025-09-10 19:13:12.296 | INFO     | utils_logger:<module>:41 - Logging to file: logs\project_log.log
2025-09-10 19:13:12.296 | INFO     | __main__:<module>:97 - Starting CSV processing...
2025-09-10 19:13:12.297 | ERROR    | __main__:analyze_earthquake_magnitude:60 - Error processing CSV file: 'Magnitude'
2025-09-10 19:22:33.191 | INFO     | utils_logger:<module>:41 - Logging to file: logs\project_log.log
2025-09-10 19:22:33.191 | INFO     | __main__:<module>:97 - Starting CSV processing...
2025-09-10 19:22:33.191 | ERROR    | __main__:analyze_earthquake_magnitude:60 - Error processing CSV file: 'Magnitude'
2025-09-10 19:26:39.673 | INFO     | utils_logger:<module>:41 - Logging to file: logs\project_log.log
2025-09-10 19:26:39.673 | INFO     | __main__:<module>:97 - Starting CSV processing...
2025-09-10 19:26:39.674 | ERROR    | __main__:analyze_earthquake_magnitude:60 - Error processing CSV file: 'Magnitude'
